app/build/intermediates/manifest_merge_blame_file/debug/processDebugMainManifest/manifest-merger-blame-debug-report.txt
1<?xml version="1.0" encoding="utf-8"?>
2<manifest xmlns:android="http://schemas.android.com/apk/res/android"
3    package="com.dayone.app.debug"
4    android:versionCode="1"
5    android:versionName="1.0" >
6
7    <uses-sdk
8        android:minSdkVersion="26"
9        android:targetSdkVersion="34" />
10
11    <!-- Camera -->
12    <uses-permission android:name="android.permission.CAMERA" />
12-->src\main\AndroidManifest.xml:5:5-65
12-->src\main\AndroidManifest.xml:5:22-62
13
14    <uses-feature
14-->src\main\AndroidManifest.xml:6:5-88
15        android:name="android.hardware.camera.any"
15-->src\main\AndroidManifest.xml:6:19-61
16        android:required="true" />
16-->src\main\AndroidManifest.xml:6:62-85
17
18    <!-- Daily reminder notification that repeats until you shoot the photo -->
19    <uses-permission android:name="android.permission.POST_NOTIFICATIONS" />
19-->src\main\AndroidManifest.xml:9:5-77
19-->src\main\AndroidManifest.xml:9:22-74
20    <uses-permission android:name="android.permission.SCHEDULE_EXACT_ALARM" />
20-->src\main\AndroidManifest.xml:10:5-79
20-->src\main\AndroidManifest.xml:10:22-76
21    <uses-permission android:name="android.permission.USE_EXACT_ALARM" />
21-->src\main\AndroidManifest.xml:11:5-74
21-->src\main\AndroidManifest.xml:11:22-71
22    <uses-permission android:name="android.permission.RECEIVE_BOOT_COMPLETED" />
22-->src\main\AndroidManifest.xml:12:5-81
22-->src\main\AndroidManifest.xml:12:22-78
23    <uses-permission android:name="android.permission.FOREGROUND_SERVICE" />
23-->src\main\AndroidManifest.xml:13:5-77
23-->src\main\AndroidManifest.xml:13:22-74
24    <uses-permission android:name="android.permission.WAKE_LOCK" />
24-->src\main\AndroidManifest.xml:14:5-68
24-->src\main\AndroidManifest.xml:14:22-65
25    <uses-permission android:name="android.permission.ACCESS_NETWORK_STATE" />
25-->[androidx.work:work-runtime:2.9.1] AndroidManifest.xml:24:5-79
25-->[androidx.work:work-runtime:2.9.1] AndroidManifest.xml:24:22-76
26
27    <permission
27-->[androidx.core:core:1.13.1] AndroidManifest.xml:22:5-24:47
28        android:name="com.dayone.app.debug.DYNAMIC_RECEIVER_NOT_EXPORTED_PERMISSION"
28-->[androidx.core:core:1.13.1] AndroidManifest.xml:23:9-81
29        android:protectionLevel="signature" />
29-->[androidx.core:core:1.13.1] AndroidManifest.xml:24:9-44
30
31    <uses-permission android:name="com.dayone.app.debug.DYNAMIC_RECEIVER_NOT_EXPORTED_PERMISSION" />
31-->[androidx.core:core:1.13.1] AndroidManifest.xml:26:5-97
31-->[androidx.core:core:1.13.1] AndroidManifest.xml:26:22-94
32    <uses-permission android:name="android.permission.INTERNET" /> <!-- No INTERNET permission is requested: the app is fully local-only. -->
32-->[com.google.android.datatransport:transport-backend-cct:2.3.3] AndroidManifest.xml:26:5-67
32-->[com.google.android.datatransport:transport-backend-cct:2.3.3] AndroidManifest.xml:26:22-64
33    <application
33-->src\main\AndroidManifest.xml:18:5-59:19
34        android:name="com.dayone.app.DayOneApp"
34-->src\main\AndroidManifest.xml:19:9-34
35        android:allowBackup="true"
35-->src\main\AndroidManifest.xml:20:9-35
36        android:appComponentFactory="androidx.core.app.CoreComponentFactory"
36-->[androidx.core:core:1.13.1] AndroidManifest.xml:28:18-86
37        android:debuggable="true"
38        android:extractNativeLibs="false"
39        android:icon="@mipmap/ic_launcher"
39-->src\main\AndroidManifest.xml:21:9-43
40        android:label="@string/app_name"
40-->src\main\AndroidManifest.xml:22:9-41
41        android:supportsRtl="true"
41-->src\main\AndroidManifest.xml:23:9-35
42        android:testOnly="true"
43        android:theme="@style/Theme.DayOne" >
43-->src\main\AndroidManifest.xml:24:9-44
44        <activity
44-->src\main\AndroidManifest.xml:26:9-35:20
45            android:name="com.dayone.app.MainActivity"
45-->src\main\AndroidManifest.xml:27:13-41
46            android:exported="true"
46-->src\main\AndroidManifest.xml:28:13-36
47            android:launchMode="singleTask"
47-->src\main\AndroidManifest.xml:29:13-44
48            android:theme="@style/Theme.DayOne" >
48-->src\main\AndroidManifest.xml:30:13-48
49            <intent-filter>
49-->src\main\AndroidManifest.xml:31:13-34:29
50                <action android:name="android.intent.action.MAIN" />
50-->src\main\AndroidManifest.xml:32:17-69
50-->src\main\AndroidManifest.xml:32:25-66
51
52                <category android:name="android.intent.category.LAUNCHER" />
52-->src\main\AndroidManifest.xml:33:17-77
52-->src\main\AndroidManifest.xml:33:27-74
53            </intent-filter>
54        </activity>
55
56        <receiver
56-->src\main\AndroidManifest.xml:37:9-43:20
57            android:name="com.dayone.app.notify.BootReceiver"
57-->src\main\AndroidManifest.xml:38:13-48
58            android:exported="true" >
58-->src\main\AndroidManifest.xml:39:13-36
59            <intent-filter>
59-->src\main\AndroidManifest.xml:40:13-42:29
60                <action android:name="android.intent.action.BOOT_COMPLETED" />
60-->src\main\AndroidManifest.xml:41:17-79
60-->src\main\AndroidManifest.xml:41:25-76
61            </intent-filter>
62        </receiver>
63        <receiver
63-->src\main\AndroidManifest.xml:45:9-47:40
64            android:name="com.dayone.app.notify.ReminderAlarmReceiver"
64-->src\main\AndroidManifest.xml:46:13-57
65            android:exported="false" />
65-->src\main\AndroidManifest.xml:47:13-37
66
67        <provider
68            android:name="androidx.core.content.FileProvider"
68-->src\main\AndroidManifest.xml:50:13-62
69            android:authorities="com.dayone.app.debug.fileprovider"
69-->src\main\AndroidManifest.xml:51:13-64
70            android:exported="false"
70-->src\main\AndroidManifest.xml:52:13-37
71            android:grantUriPermissions="true" >
71-->src\main\AndroidManifest.xml:53:13-47
72            <meta-data
72-->src\main\AndroidManifest.xml:54:13-56:54
73                android:name="android.support.FILE_PROVIDER_PATHS"
73-->src\main\AndroidManifest.xml:55:17-67
74                android:resource="@xml/file_paths" />
74-->src\main\AndroidManifest.xml:56:17-51
75        </provider>
76
77        <service
77-->[androidx.camera:camera-camera2:1.3.4] AndroidManifest.xml:24:9-33:19
78            android:name="androidx.camera.core.impl.MetadataHolderService"
78-->[androidx.camera:camera-camera2:1.3.4] AndroidManifest.xml:25:13-75
79            android:enabled="false"
79-->[androidx.camera:camera-camera2:1.3.4] AndroidManifest.xml:26:13-36
80            android:exported="false" >
80-->[androidx.camera:camera-camera2:1.3.4] AndroidManifest.xml:27:13-37
81            <meta-data
81-->[androidx.camera:camera-camera2:1.3.4] AndroidManifest.xml:30:13-32:89
82                android:name="androidx.camera.core.impl.MetadataHolderService.DEFAULT_CONFIG_PROVIDER"
82-->[androidx.camera:camera-camera2:1.3.4] AndroidManifest.xml:31:17-103
83                android:value="androidx.camera.camera2.Camera2Config$DefaultProvider" />
83-->[androidx.camera:camera-camera2:1.3.4] AndroidManifest.xml:32:17-86
84        </service>
85        <service
85-->[com.google.android.gms:play-services-mlkit-face-detection:17.1.0] AndroidManifest.xml:9:9-15:19
86            android:name="com.google.mlkit.common.internal.MlKitComponentDiscoveryService"
86-->[com.google.android.gms:play-services-mlkit-face-detection:17.1.0] AndroidManifest.xml:10:13-91
87            android:directBootAware="true"
87-->[com.google.mlkit:common:18.11.0] AndroidManifest.xml:17:13-43
88            android:exported="false" >
88-->[com.google.android.gms:play-services-mlkit-face-detection:17.1.0] AndroidManifest.xml:11:13-37
89            <meta-data
89-->[com.google.android.gms:play-services-mlkit-face-detection:17.1.0] AndroidManifest.xml:12:13-14:85
90                android:name="com.google.firebase.components:com.google.mlkit.vision.face.internal.FaceRegistrar"
90-->[com.google.android.gms:play-services-mlkit-face-detection:17.1.0] AndroidManifest.xml:13:17-114
91                android:value="com.google.firebase.components.ComponentRegistrar" />
91-->[com.google.android.gms:play-services-mlkit-face-detection:17.1.0] AndroidManifest.xml:14:17-82
92            <meta-data
92-->[com.google.mlkit:vision-common:17.2.0] AndroidManifest.xml:12:13-14:85
93                android:name="com.google.firebase.components:com.google.mlkit.vision.common.internal.VisionCommonRegistrar"
93-->[com.google.mlkit:vision-common:17.2.0] AndroidManifest.xml:13:17-124
94                android:value="com.google.firebase.components.ComponentRegistrar" />
94-->[com.google.mlkit:vision-common:17.2.0] AndroidManifest.xml:14:17-82
95            <meta-data
95-->[com.google.mlkit:common:18.11.0] AndroidManifest.xml:20:13-22:85
96                android:name="com.google.firebase.components:com.google.mlkit.common.internal.CommonComponentRegistrar"
96-->[com.google.mlkit:common:18.11.0] AndroidManifest.xml:21:17-120
97                android:value="com.google.firebase.components.ComponentRegistrar" />
97-->[com.google.mlkit:common:18.11.0] AndroidManifest.xml:22:17-82
98        </service>
99
100        <provider
100-->[com.google.mlkit:common:18.11.0] AndroidManifest.xml:9:9-13:38
101            android:name="com.google.mlkit.common.internal.MlKitInitProvider"
101-->[com.google.mlkit:common:18.11.0] AndroidManifest.xml:10:13-78
102            android:authorities="com.dayone.app.debug.mlkitinitprovider"
102-->[com.google.mlkit:common:18.11.0] AndroidManifest.xml:11:13-69
103            android:exported="false"
103-->[com.google.mlkit:common:18.11.0] AndroidManifest.xml:12:13-37
104            android:initOrder="99" />
104-->[com.google.mlkit:common:18.11.0] AndroidManifest.xml:13:13-35
105
106        <activity
106-->[com.google.android.gms:play-services-base:18.5.0] AndroidManifest.xml:5:9-173
107            android:name="com.google.android.gms.common.api.GoogleApiActivity"
107-->[com.google.android.gms:play-services-base:18.5.0] AndroidManifest.xml:5:19-85
108            android:exported="false"
108-->[com.google.android.gms:play-services-base:18.5.0] AndroidManifest.xml:5:146-170
109            android:theme="@android:style/Theme.Translucent.NoTitleBar" />
109-->[com.google.android.gms:play-services-base:18.5.0] AndroidManifest.xml:5:86-145
110
111        <meta-data
111-->[com.google.android.gms:play-services-basement:18.4.0] AndroidManifest.xml:6:9-122
112            android:name="com.google.android.gms.version"
112-->[com.google.android.gms:play-services-basement:18.4.0] AndroidManifest.xml:6:20-65
113            android:value="@integer/google_play_services_version" />
113-->[com.google.android.gms:play-services-basement:18.4.0] AndroidManifest.xml:6:66-119
114
115        <provider
115-->[androidx.work:work-runtime:2.9.1] AndroidManifest.xml:29:9-37:20
116            android:name="androidx.startup.InitializationProvider"
116-->[androidx.work:work-runtime:2.9.1] AndroidManifest.xml:30:13-67
117            android:authorities="com.dayone.app.debug.androidx-startup"
117-->[androidx.work:work-runtime:2.9.1] AndroidManifest.xml:31:13-68
118            android:exported="false" >
118-->[androidx.work:work-runtime:2.9.1] AndroidManifest.xml:32:13-37
119            <meta-data
119-->[androidx.work:work-runtime:2.9.1] AndroidManifest.xml:34:13-36:52
120                android:name="androidx.work.WorkManagerInitializer"
120-->[androidx.work:work-runtime:2.9.1] AndroidManifest.xml:35:17-68
121                android:value="androidx.startup" />
121-->[androidx.work:work-runtime:2.9.1] AndroidManifest.xml:36:17-49
122            <meta-data
122-->[androidx.emoji2:emoji2:1.3.0] AndroidManifest.xml:29:13-31:52
123                android:name="androidx.emoji2.text.EmojiCompatInitializer"
123-->[androidx.emoji2:emoji2:1.3.0] AndroidManifest.xml:30:17-75
124                android:value="androidx.startup" />
124-->[androidx.emoji2:emoji2:1.3.0] AndroidManifest.xml:31:17-49
125            <meta-data
125-->[androidx.lifecycle:lifecycle-process:2.8.4] AndroidManifest.xml:29:13-31:52
126                android:name="androidx.lifecycle.ProcessLifecycleInitializer"
126-->[androidx.lifecycle:lifecycle-process:2.8.4] AndroidManifest.xml:30:17-78
127                android:value="androidx.startup" />
127-->[androidx.lifecycle:lifecycle-process:2.8.4] AndroidManifest.xml:31:17-49
128            <meta-data
128-->[androidx.profileinstaller:profileinstaller:1.3.1] AndroidManifest.xml:29:13-31:52
129                android:name="androidx.profileinstaller.ProfileInstallerInitializer"
129-->[androidx.profileinstaller:profileinstaller:1.3.1] AndroidManifest.xml:30:17-85
130                android:value="androidx.startup" />
130-->[androidx.profileinstaller:profileinstaller:1.3.1] AndroidManifest.xml:31:17-49
131        </provider>
132
133        <service
133-->[androidx.work:work-runtime:2.9.1] AndroidManifest.xml:39:9-45:35
134            android:name="androidx.work.impl.background.systemalarm.SystemAlarmService"
134-->[androidx.work:work-runtime:2.9.1] AndroidManifest.xml:40:13-88
135            android:directBootAware="false"
135-->[androidx.work:work-runtime:2.9.1] AndroidManifest.xml:41:13-44
136            android:enabled="@bool/enable_system_alarm_service_default"
136-->[androidx.work:work-runtime:2.9.1] AndroidManifest.xml:42:13-72
137            android:exported="false" />
137-->[androidx.work:work-runtime:2.9.1] AndroidManifest.xml:43:13-37
138        <service
138-->[androidx.work:work-runtime:2.9.1] AndroidManifest.xml:46:9-52:35
139            android:name="androidx.work.impl.background.systemjob.SystemJobService"
139-->[androidx.work:work-runtime:2.9.1] AndroidManifest.xml:47:13-84
140            android:directBootAware="false"
140-->[androidx.work:work-runtime:2.9.1] AndroidManifest.xml:48:13-44
141            android:enabled="@bool/enable_system_job_service_default"
141-->[androidx.work:work-runtime:2.9.1] AndroidManifest.xml:49:13-70
142            android:exported="true"
142-->[androidx.work:work-runtime:2.9.1] AndroidManifest.xml:50:13-36
143            android:permission="android.permission.BIND_JOB_SERVICE" />
143-->[androidx.work:work-runtime:2.9.1] AndroidManifest.xml:51:13-69
144        <service
144-->[androidx.work:work-runtime:2.9.1] AndroidManifest.xml:53:9-59:35
145            android:name="androidx.work.impl.foreground.SystemForegroundService"
145-->[androidx.work:work-runtime:2.9.1] AndroidManifest.xml:54:13-81
146            android:directBootAware="false"
146-->[androidx.work:work-runtime:2.9.1] AndroidManifest.xml:55:13-44
147            android:enabled="@bool/enable_system_foreground_service_default"
147-->[androidx.work:work-runtime:2.9.1] AndroidManifest.xml:56:13-77
148            android:exported="false" />
148-->[androidx.work:work-runtime:2.9.1] AndroidManifest.xml:57:13-37
149
150        <receiver
150-->[androidx.work:work-runtime:2.9.1] AndroidManifest.xml:61:9-66:35
151            android:name="androidx.work.impl.utils.ForceStopRunnable$BroadcastReceiver"
151-->[androidx.work:work-runtime:2.9.1] AndroidManifest.xml:62:13-88
152            android:directBootAware="false"
152-->[androidx.work:work-runtime:2.9.1] AndroidManifest.xml:63:13-44
153            android:enabled="true"
153-->[androidx.work:work-runtime:2.9.1] AndroidManifest.xml:64:13-35
154            android:exported="false" />
154-->[androidx.work:work-runtime:2.9.1] AndroidManifest.xml:65:13-37
155        <receiver
155-->[androidx.work:work-runtime:2.9.1] AndroidManifest.xml:67:9-77:20
156            android:name="androidx.work.impl.background.systemalarm.ConstraintProxy$BatteryChargingProxy"
156-->[androidx.work:work-runtime:2.9.1] AndroidManifest.xml:68:13-106
157            android:directBootAware="false"
157-->[androidx.work:work-runtime:2.9.1] AndroidManifest.xml:69:13-44
158            android:enabled="false"
158-->[androidx.work:work-runtime:2.9.1] AndroidManifest.xml:70:13-36
159            android:exported="false" >
159-->[androidx.work:work-runtime:2.9.1] AndroidManifest.xml:71:13-37
160            <intent-filter>
160-->[androidx.work:work-runtime:2.9.1] AndroidManifest.xml:73:13-76:29
161                <action android:name="android.intent.action.ACTION_POWER_CONNECTED" />
161-->[androidx.work:work-runtime:2.9.1] AndroidManifest.xml:74:17-87
161-->[androidx.work:work-runtime:2.9.1] AndroidManifest.xml:74:25-84
162                <action android:name="android.intent.action.ACTION_POWER_DISCONNECTED" />
162-->[androidx.work:work-runtime:2.9.1] AndroidManifest.xml:75:17-90
162-->[androidx.work:work-runtime:2.9.1] AndroidManifest.xml:75:25-87
163            </intent-filter>
164        </receiver>
165        <receiver
165-->[androidx.work:work-runtime:2.9.1] AndroidManifest.xml:78:9-88:20
166            android:name="androidx.work.impl.background.systemalarm.ConstraintProxy$BatteryNotLowProxy"
166-->[androidx.work:work-runtime:2.9.1] AndroidManifest.xml:79:13-104
167            android:directBootAware="false"
167-->[androidx.work:work-runtime:2.9.1] AndroidManifest.xml:80:13-44
168            android:enabled="false"
168-->[androidx.work:work-runtime:2.9.1] AndroidManifest.xml:81:13-36
169            android:exported="false" >
169-->[androidx.work:work-runtime:2.9.1] AndroidManifest.xml:82:13-37
170            <intent-filter>
170-->[androidx.work:work-runtime:2.9.1] AndroidManifest.xml:84:13-87:29
171                <action android:name="android.intent.action.BATTERY_OKAY" />
171-->[androidx.work:work-runtime:2.9.1] AndroidManifest.xml:85:17-77
171-->[androidx.work:work-runtime:2.9.1] AndroidManifest.xml:85:25-74
172                <action android:name="android.intent.action.BATTERY_LOW" />
172-->[androidx.work:work-runtime:2.9.1] AndroidManifest.xml:86:17-76
172-->[androidx.work:work-runtime:2.9.1] AndroidManifest.xml:86:25-73
173            </intent-filter>
174        </receiver>
175        <receiver
175-->[androidx.work:work-runtime:2.9.1] AndroidManifest.xml:89:9-99:20
176            android:name="androidx.work.impl.background.systemalarm.ConstraintProxy$StorageNotLowProxy"
176-->[androidx.work:work-runtime:2.9.1] AndroidManifest.xml:90:13-104
177            android:directBootAware="false"
177-->[androidx.work:work-runtime:2.9.1] AndroidManifest.xml:91:13-44
178            android:enabled="false"
178-->[androidx.work:work-runtime:2.9.1] AndroidManifest.xml:92:13-36
179            android:exported="false" >
179-->[androidx.work:work-runtime:2.9.1] AndroidManifest.xml:93:13-37
180            <intent-filter>
180-->[androidx.work:work-runtime:2.9.1] AndroidManifest.xml:95:13-98:29
181                <action android:name="android.intent.action.DEVICE_STORAGE_LOW" />
181-->[androidx.work:work-runtime:2.9.1] AndroidManifest.xml:96:17-83
181-->[androidx.work:work-runtime:2.9.1] AndroidManifest.xml:96:25-80
182                <action android:name="android.intent.action.DEVICE_STORAGE_OK" />
182-->[androidx.work:work-runtime:2.9.1] AndroidManifest.xml:97:17-82
182-->[androidx.work:work-runtime:2.9.1] AndroidManifest.xml:97:25-79
183            </intent-filter>
184        </receiver>
185        <receiver
185-->[androidx.work:work-runtime:2.9.1] AndroidManifest.xml:100:9-109:20
186            android:name="androidx.work.impl.background.systemalarm.ConstraintProxy$NetworkStateProxy"
186-->[androidx.work:work-runtime:2.9.1] AndroidManifest.xml:101:13-103
187            android:directBootAware="false"
187-->[androidx.work:work-runtime:2.9.1] AndroidManifest.xml:102:13-44
188            android:enabled="false"
188-->[androidx.work:work-runtime:2.9.1] AndroidManifest.xml:103:13-36
189            android:exported="false" >
189-->[androidx.work:work-runtime:2.9.1] AndroidManifest.xml:104:13-37
190            <intent-filter>
190-->[androidx.work:work-runtime:2.9.1] AndroidManifest.xml:106:13-108:29
191                <action android:name="android.net.conn.CONNECTIVITY_CHANGE" />
191-->[androidx.work:work-runtime:2.9.1] AndroidManifest.xml:107:17-79
191-->[androidx.work:work-runtime:2.9.1] AndroidManifest.xml:107:25-76
192            </intent-filter>
193        </receiver>
194        <receiver
194-->[androidx.work:work-runtime:2.9.1] AndroidManifest.xml:110:9-121:20
195            android:name="androidx.work.impl.background.systemalarm.RescheduleReceiver"
195-->[androidx.work:work-runtime:2.9.1] AndroidManifest.xml:111:13-88
196            android:directBootAware="false"
196-->[androidx.work:work-runtime:2.9.1] AndroidManifest.xml:112:13-44
197            android:enabled="false"
197-->[androidx.work:work-runtime:2.9.1] AndroidManifest.xml:113:13-36
198            android:exported="false" >
198-->[androidx.work:work-runtime:2.9.1] AndroidManifest.xml:114:13-37
199            <intent-filter>
199-->[androidx.work:work-runtime:2.9.1] AndroidManifest.xml:116:13-120:29
200                <action android:name="android.intent.action.BOOT_COMPLETED" />
200-->src\main\AndroidManifest.xml:41:17-79
200-->src\main\AndroidManifest.xml:41:25-76
201                <action android:name="android.intent.action.TIME_SET" />
201-->[androidx.work:work-runtime:2.9.1] AndroidManifest.xml:118:17-73
201-->[androidx.work:work-runtime:2.9.1] AndroidManifest.xml:118:25-70
202                <action android:name="android.intent.action.TIMEZONE_CHANGED" />
202-->[androidx.work:work-runtime:2.9.1] AndroidManifest.xml:119:17-81
202-->[androidx.work:work-runtime:2.9.1] AndroidManifest.xml:119:25-78
203            </intent-filter>
204        </receiver>
205        <receiver
205-->[androidx.work:work-runtime:2.9.1] AndroidManifest.xml:122:9-131:20
206            android:name="androidx.work.impl.background.systemalarm.ConstraintProxyUpdateReceiver"
206-->[androidx.work:work-runtime:2.9.1] AndroidManifest.xml:123:13-99
207            android:directBootAware="false"
207-->[androidx.work:work-runtime:2.9.1] AndroidManifest.xml:124:13-44
208            android:enabled="@bool/enable_system_alarm_service_default"
208-->[androidx.work:work-runtime:2.9.1] AndroidManifest.xml:125:13-72
209            android:exported="false" >
209-->[androidx.work:work-runtime:2.9.1] AndroidManifest.xml:126:13-37
210            <intent-filter>
210-->[androidx.work:work-runtime:2.9.1] AndroidManifest.xml:128:13-130:29
211                <action android:name="androidx.work.impl.background.systemalarm.UpdateProxies" />
211-->[androidx.work:work-runtime:2.9.1] AndroidManifest.xml:129:17-98
211-->[androidx.work:work-runtime:2.9.1] AndroidManifest.xml:129:25-95
212            </intent-filter>
213        </receiver>
214        <receiver
214-->[androidx.work:work-runtime:2.9.1] AndroidManifest.xml:132:9-142:20
215            android:name="androidx.work.impl.diagnostics.DiagnosticsReceiver"
215-->[androidx.work:work-runtime:2.9.1] AndroidManifest.xml:133:13-78
216            android:directBootAware="false"
216-->[androidx.work:work-runtime:2.9.1] AndroidManifest.xml:134:13-44
217            android:enabled="true"
217-->[androidx.work:work-runtime:2.9.1] AndroidManifest.xml:135:13-35
218            android:exported="true"
218-->[androidx.work:work-runtime:2.9.1] AndroidManifest.xml:136:13-36
219            android:permission="android.permission.DUMP" >
219-->[androidx.work:work-runtime:2.9.1] AndroidManifest.xml:137:13-57
220            <intent-filter>
220-->[androidx.work:work-runtime:2.9.1] AndroidManifest.xml:139:13-141:29
221                <action android:name="androidx.work.diagnostics.REQUEST_DIAGNOSTICS" />
221-->[androidx.work:work-runtime:2.9.1] AndroidManifest.xml:140:17-88
221-->[androidx.work:work-runtime:2.9.1] AndroidManifest.xml:140:25-85
222            </intent-filter>
223        </receiver>
224
225        <activity
225-->[androidx.compose.ui:ui-tooling-android:1.6.8] AndroidManifest.xml:23:9-25:39
226            android:name="androidx.compose.ui.tooling.PreviewActivity"
226-->[androidx.compose.ui:ui-tooling-android:1.6.8] AndroidManifest.xml:24:13-71
227            android:exported="true" />
227-->[androidx.compose.ui:ui-tooling-android:1.6.8] AndroidManifest.xml:25:13-36
228
229        <service
229-->[androidx.room:room-runtime:2.6.1] AndroidManifest.xml:24:9-28:63
230            android:name="androidx.room.MultiInstanceInvalidationService"
230-->[androidx.room:room-runtime:2.6.1] AndroidManifest.xml:25:13-74
231            android:directBootAware="true"
231-->[androidx.room:room-runtime:2.6.1] AndroidManifest.xml:26:13-43
232            android:exported="false" />
232-->[androidx.room:room-runtime:2.6.1] AndroidManifest.xml:27:13-37
233        <service
233-->[com.google.android.datatransport:transport-backend-cct:2.3.3] AndroidManifest.xml:29:9-35:19
234            android:name="com.google.android.datatransport.runtime.backends.TransportBackendDiscovery"
234-->[com.google.android.datatransport:transport-backend-cct:2.3.3] AndroidManifest.xml:30:13-103
235            android:exported="false" >
235-->[com.google.android.datatransport:transport-backend-cct:2.3.3] AndroidManifest.xml:31:13-37
236            <meta-data
236-->[com.google.android.datatransport:transport-backend-cct:2.3.3] AndroidManifest.xml:32:13-34:39
237                android:name="backend:com.google.android.datatransport.cct.CctBackendFactory"
237-->[com.google.android.datatransport:transport-backend-cct:2.3.3] AndroidManifest.xml:33:17-94
238                android:value="cct" />
238-->[com.google.android.datatransport:transport-backend-cct:2.3.3] AndroidManifest.xml:34:17-36
239        </service>
240        <service
240-->[com.google.android.datatransport:transport-runtime:2.2.6] AndroidManifest.xml:26:9-30:19
241            android:name="com.google.android.datatransport.runtime.scheduling.jobscheduling.JobInfoSchedulerService"
241-->[com.google.android.datatransport:transport-runtime:2.2.6] AndroidManifest.xml:27:13-117
242            android:exported="false"
242-->[com.google.android.datatransport:transport-runtime:2.2.6] AndroidManifest.xml:28:13-37
243            android:permission="android.permission.BIND_JOB_SERVICE" >
243-->[com.google.android.datatransport:transport-runtime:2.2.6] AndroidManifest.xml:29:13-69
244        </service>
245
246        <receiver
246-->[com.google.android.datatransport:transport-runtime:2.2.6] AndroidManifest.xml:32:9-34:40
247            android:name="com.google.android.datatransport.runtime.scheduling.jobscheduling.AlarmManagerSchedulerBroadcastReceiver"
247-->[com.google.android.datatransport:transport-runtime:2.2.6] AndroidManifest.xml:33:13-132
248            android:exported="false" />
248-->[com.google.android.datatransport:transport-runtime:2.2.6] AndroidManifest.xml:34:13-37
249        <receiver
249-->[androidx.profileinstaller:profileinstaller:1.3.1] AndroidManifest.xml:34:9-52:20
250            android:name="androidx.profileinstaller.ProfileInstallReceiver"
250-->[androidx.profileinstaller:profileinstaller:1.3.1] AndroidManifest.xml:35:13-76
251            android:directBootAware="false"
251-->[androidx.profileinstaller:profileinstaller:1.3.1] AndroidManifest.xml:36:13-44
252            android:enabled="true"
252-->[androidx.profileinstaller:profileinstaller:1.3.1] AndroidManifest.xml:37:13-35
253            android:exported="true"
253-->[androidx.profileinstaller:profileinstaller:1.3.1] AndroidManifest.xml:38:13-36
254            android:permission="android.permission.DUMP" >
254-->[androidx.profileinstaller:profileinstaller:1.3.1] AndroidManifest.xml:39:13-57
255            <intent-filter>
255-->[androidx.profileinstaller:profileinstaller:1.3.1] AndroidManifest.xml:40:13-42:29
256                <action android:name="androidx.profileinstaller.action.INSTALL_PROFILE" />
256-->[androidx.profileinstaller:profileinstaller:1.3.1] AndroidManifest.xml:41:17-91
256-->[androidx.profileinstaller:profileinstaller:1.3.1] AndroidManifest.xml:41:25-88
257            </intent-filter>
258            <intent-filter>
258-->[androidx.profileinstaller:profileinstaller:1.3.1] AndroidManifest.xml:43:13-45:29
259                <action android:name="androidx.profileinstaller.action.SKIP_FILE" />
259-->[androidx.profileinstaller:profileinstaller:1.3.1] AndroidManifest.xml:44:17-85
259-->[androidx.profileinstaller:profileinstaller:1.3.1] AndroidManifest.xml:44:25-82
260            </intent-filter>
261            <intent-filter>
261-->[androidx.profileinstaller:profileinstaller:1.3.1] AndroidManifest.xml:46:13-48:29
262                <action android:name="androidx.profileinstaller.action.SAVE_PROFILE" />
262-->[androidx.profileinstaller:profileinstaller:1.3.1] AndroidManifest.xml:47:17-88
262-->[androidx.profileinstaller:profileinstaller:1.3.1] AndroidManifest.xml:47:25-85
263            </intent-filter>
264            <intent-filter>
264-->[androidx.profileinstaller:profileinstaller:1.3.1] AndroidManifest.xml:49:13-51:29
265                <action android:name="androidx.profileinstaller.action.BENCHMARK_OPERATION" />
265-->[androidx.profileinstaller:profileinstaller:1.3.1] AndroidManifest.xml:50:17-95
265-->[androidx.profileinstaller:profileinstaller:1.3.1] AndroidManifest.xml:50:25-92
266            </intent-filter>
267        </receiver>
268    </application>
269
270</manifest>